â”€â”€â”€â”€â”€â”€â”€â”€â”€â”€â”€â”€â”€â”€â”€â”€â”€â”€â”€â”€â”€â”€â”€â”€â”€â”€â”€â”€â”€â”€â”€â”€â”€â”€â”€â”€â”€â”€â”€â”€â”€â”€â”€â”€â”€â”€â”€â”€â”€â”€â”€â”€â”€â”€â”€â”€â”€â”€â”€â”€â”€â”€â”€â”€â”€â”€â”€â”€â”€â”€â”€â”€â”€â”€â”€â”€â”€â”€â”€â”€â”€â”€â”€â”€â”€â”€â”€â”€


[21:11:54] ğŸ Python dependencies were installed from /mount/src/studentelectionhub/requirements.txt using uv.

[21:11:54] ğŸ“¦ WARN: More than one requirements file detected in the repository. Available options: uv /mount/src/studentelectionhub/requirements.txt, poetry /mount/src/studentelectionhub/pyproject.toml. Used: uv with /mount/src/studentelectionhub/requirements.txt

Check if streamlit is installed

Streamlit is already installed

[21:11:56] ğŸ“¦ Processed dependencies!




[21:12:08] ğŸ™ Pulling code changes from Github...

[21:12:08] ğŸ“¦ Processing dependencies...

[21:12:08] ğŸ“¦ Processed dependencies!

[21:12:10] ğŸ”„ Updated app!

â”€â”€â”€â”€â”€â”€â”€â”€â”€â”€â”€â”€â”€â”€â”€â”€â”€â”€â”€â”€â”€â”€ Traceback (most recent call last) â”€â”€â”€â”€â”€â”€â”€â”€â”€â”€â”€â”€â”€â”€â”€â”€â”€â”€â”€â”€â”€â”€â”€

  /home/adminuser/venv/lib/python3.13/site-packages/streamlit/runtime/scriptru  

  nner/exec_code.py:128 in exec_func_with_error_handling                        

                                                                                

  /home/adminuser/venv/lib/python3.13/site-packages/streamlit/runtime/scriptru  

  nner/script_runner.py:667 in code_to_exec                                     

                                                                                

  /home/adminuser/venv/lib/python3.13/site-packages/streamlit/runtime/scriptru  

  nner/script_runner.py:165 in _mpa_v1                                          

                                                                                

  /home/adminuser/venv/lib/python3.13/site-packages/streamlit/navigation/page.  

  py:300 in run                                                                 

                                                                                

  /mount/src/studentelectionhub/app.py:599 in <module>                          

                                                                                

    596 â”‚   â”‚   st.rerun()                                                      

    597                                                                         

    598 if __name__ == "__main__":                                              

  â± 599 â”‚   main()                                                              

    600                                                                         

                                                                                

  /mount/src/studentelectionhub/app.py:566 in main                              

                                                                                

    563                                                                         

    564 def main():                                                             

    565 â”‚   """Main application entry point"""                                  

  â± 566 â”‚   initialize_app()                                                    

    567 â”‚                                                                       

    568 â”‚   # Add scroll to top functionality                                   

    569 â”‚   st.markdown("""                                                     

                                                                                

  /mount/src/studentelectionhub/app.py:543 in initialize_app                    

                                                                                

    540 â”‚   """Initialize the application and session state"""                  

    541 â”‚   # Initialize data manager                                           

    542 â”‚   if 'data_manager' not in st.session_state:                          

  â± 543 â”‚   â”‚   st.session_state.data_manager = DataManager()                   

    544 â”‚                                                                       

    545 â”‚   # Initialize authentication state                                   

    546 â”‚   if 'is_authenticated' not in st.session_state:                      

                                                                                

  /mount/src/studentelectionhub/utils/data_manager.py:11 in __init__            

                                                                                

      8                                                                         

      9 class DataManager:                                                      

     10 â”‚   def __init__(self):                                                 

  â±  11 â”‚   â”‚   self.db = DatabaseManager()                                     

     12 â”‚                                                                       

     13 â”‚   def initialize_data(self):                                          

     14 â”‚   â”‚   """Initialize data - handled by database"""                     

                                                                                

  /mount/src/studentelectionhub/utils/db_manager.py:42 in __init__              

                                                                                

     39 â”‚   def __init__(self):                                                 

     40 â”‚   â”‚   self.database_url = os.getenv('DATABASE_URL')                   

     41 â”‚   â”‚   if not self.database_url:                                       

  â±  42 â”‚   â”‚   â”‚   raise ValueError("DATABASE_URL environment variable not fo  

     43 â”‚   â”‚                                                                   

     44 â”‚   â”‚   self.engine = create_engine(self.database_url)                  

     45                                                                         

â”€â”€â”€â”€â”€â”€â”€â”€â”€â”€â”€â”€â”€â”€â”€â”€â”€â”€â”€â”€â”€â”€â”€â”€â”€â”€â”€â”€â”€â”€â”€â”€â”€â”€â”€â”€â”€â”€â”€â”€â”€â”€â”€â”€â”€â”€â”€â”€â”€â”€â”€â”€â”€â”€â”€â”€â”€â”€â”€â”€â”€â”€â”€â”€â”€â”€â”€â”€â”€â”€â”€â”€â”€â”€â”€â”€â”€â”€â”€â”€

ValueError: DATABASE_URL environment variable not found

â”€â”€â”€â”€â”€â”€â”€â”€â”€â”€â”€â”€â”€â”€â”€â”€â”€â”€â”€â”€â”€â”€ Traceback (most recent call last) â”€â”€â”€â”€â”€â”€â”€â”€â”€â”€â”€â”€â”€â”€â”€â”€â”€â”€â”€â”€â”€â”€â”€

  /home/adminuser/venv/lib/python3.13/site-packages/streamlit/runtime/state/se  

  ssion_state.py:463 in __getitem__                                             

                                                                                

  /home/adminuser/venv/lib/python3.13/site-packages/streamlit/runtime/state/se  

  ssion_state.py:511 in _getitem                                                

â”€â”€â”€â”€â”€â”€â”€â”€â”€â”€â”€â”€â”€â”€â”€â”€â”€â”€â”€â”€â”€â”€â”€â”€â”€â”€â”€â”€â”€â”€â”€â”€â”€â”€â”€â”€â”€â”€â”€â”€â”€â”€â”€â”€â”€â”€â”€â”€â”€â”€â”€â”€â”€â”€â”€â”€â”€â”€â”€â”€â”€â”€â”€â”€â”€â”€â”€â”€â”€â”€â”€â”€â”€â”€â”€â”€â”€â”€â”€â”€

KeyError


During handling of the above exception, another exception occurred:


â”€â”€â”€â”€â”€â”€â”€â”€â”€â”€â”€â”€â”€â”€â”€â”€â”€â”€â”€â”€â”€â”€ Traceback (most recent call last) â”€â”€â”€â”€â”€â”€â”€â”€â”€â”€â”€â”€â”€â”€â”€â”€â”€â”€â”€â”€â”€â”€â”€

  /home/adminuser/venv/lib/python3.13/site-packages/streamlit/runtime/state/se  

  ssion_state_proxy.py:130 in __getattr__                                       

                                                                                

  /home/adminuser/venv/lib/python3.13/site-packages/streamlit/runtime/state/se  

  ssion_state_proxy.py:101 in __getitem__                                       

                                                                                

  /home/adminuser/venv/lib/python3.13/site-packages/streamlit/runtime/state/sa  

  fe_session_state.py:96 in __getitem__                                         

                                                                                

  /home/adminuser/venv/lib/python3.13/site-packages/streamlit/runtime/state/se  

  ssion_state.py:465 in __getitem__                                             

â”€â”€â”€â”€â”€â”€â”€â”€â”€â”€â”€â”€â”€â”€â”€â”€â”€â”€â”€â”€â”€â”€â”€â”€â”€â”€â”€â”€â”€â”€â”€â”€â”€â”€â”€â”€â”€â”€â”€â”€â”€â”€â”€â”€â”€â”€â”€â”€â”€â”€â”€â”€â”€â”€â”€â”€â”€â”€â”€â”€â”€â”€â”€â”€â”€â”€â”€â”€â”€â”€â”€â”€â”€â”€â”€â”€â”€â”€â”€â”€

KeyError: 'st.session_state has no key "teams". Did you forget to initialize it?

More info: 

https://docs.streamlit.io/develop/concepts/architecture/session-state#initializa

tion'


During handling of the above exception, another exception occurred:


â”€â”€â”€â”€â”€â”€â”€â”€â”€â”€â”€â”€â”€â”€â”€â”€â”€â”€â”€â”€â”€â”€ Traceback (most recent call last) â”€â”€â”€â”€â”€â”€â”€â”€â”€â”€â”€â”€â”€â”€â”€â”€â”€â”€â”€â”€â”€â”€â”€

  /home/adminuser/venv/lib/python3.13/site-packages/streamlit/runtime/scriptru  

  nner/exec_code.py:128 in exec_func_with_error_handling                        

                                                                                

  /home/adminuser/venv/lib/python3.13/site-packages/streamlit/runtime/scriptru  

  nner/script_runner.py:667 in code_to_exec                                     

                                                                                

  /home/adminuser/venv/lib/python3.13/site-packages/streamlit/runtime/scriptru  

  nner/script_runner.py:165 in _mpa_v1                                          

                                                                                

  /home/adminuser/venv/lib/python3.13/site-packages/streamlit/navigation/page.  

  py:300 in run                                                                 

                                                                                

  /mount/src/studentelectionhub/app.py:599 in <module>                          

                                                                                

    596 â”‚   â”‚   st.rerun()                                                      

    597                                                                         

    598 if __name__ == "__main__":                                              

  â± 599 â”‚   main()                                                              

    600                                                                         

                                                                                

  /mount/src/studentelectionhub/app.py:587 in main                              

                                                                                

    584 â”‚                                                                       

    585 â”‚   # Route to appropriate page based on user role                      

    586 â”‚   if st.session_state.user_role == 'admin':                           

  â± 587 â”‚   â”‚   render_admin_dashboard()                                        

    588 â”‚   elif st.session_state.user_role == 'student':                       

    589 â”‚   â”‚   render_student_voting()                                         

    590 â”‚   else:                                                               

                                                                                

  /mount/src/studentelectionhub/pages/admin_dashboard.py:54 in                  

  render_admin_dashboard                                                        

                                                                                

     51 â”‚   if st.session_state.admin_page == "participants":                   

     52 â”‚   â”‚   render_participant_management()                                 

     53 â”‚   elif st.session_state.admin_page == "teams":                        

  â±  54 â”‚   â”‚   render_team_management()                                        

     55 â”‚   elif st.session_state.admin_page == "voting":                       

     56 â”‚   â”‚   render_voting_status()                                          

     57                                                                         

                                                                                

  /mount/src/studentelectionhub/pages/admin_dashboard.py:318 in                 

  render_team_management                                                        

                                                                                

    315 â”‚   â”‚   â”‚   with col2:                                                  

    316 â”‚   â”‚   â”‚   â”‚   selected_team = st.selectbox(                           

    317 â”‚   â”‚   â”‚   â”‚   â”‚   "íŒ€ í• ë‹¹",                                          

  â± 318 â”‚   â”‚   â”‚   â”‚   â”‚   ["ì„ íƒí•˜ì„¸ìš”"] + st.session_state.teams,            

    319 â”‚   â”‚   â”‚   â”‚   â”‚   key=f"assign_{email}"                               

    320 â”‚   â”‚   â”‚   â”‚   )                                                       

    321                                                                         

                                                                                

  /home/adminuser/venv/lib/python3.13/site-packages/streamlit/runtime/state/se  

  ssion_state_proxy.py:132 in __getattr__                                       

â”€â”€â”€â”€â”€â”€â”€â”€â”€â”€â”€â”€â”€â”€â”€â”€â”€â”€â”€â”€â”€â”€â”€â”€â”€â”€â”€â”€â”€â”€â”€â”€â”€â”€â”€â”€â”€â”€â”€â”€â”€â”€â”€â”€â”€â”€â”€â”€â”€â”€â”€â”€â”€â”€â”€â”€â”€â”€â”€â”€â”€â”€â”€â”€â”€â”€â”€â”€â”€â”€â”€â”€â”€â”€â”€â”€â”€â”€â”€â”€

AttributeError: st.session_state has no attribute "teams". Did you forget to 

initialize it? More info: 

https://docs.streamlit.io/develop/concepts/architecture/session-state#initializa

tion